<?xml version="1.0" encoding="UTF-8"?>
<testng-results ignored="0" total="2" passed="2" failed="0" skipped="0">
  <reporter-output>
  </reporter-output>
  <suite started-at="2023-12-18T08:08:53 GMT" name="Default suite" finished-at="2023-12-18T08:08:56 GMT" duration-ms="2650">
    <groups>
      <group name="cucumber">
        <method signature="AbstractTestNGCucumberTests.runScenario(io.cucumber.testng.PickleWrapper, io.cucumber.testng.FeatureWrapper)[pri:0, instance:runners.CRMRunner@1b1426f4]" name="runScenario" class="io.cucumber.testng.AbstractTestNGCucumberTests"/>
      </group> <!-- cucumber -->
    </groups>
    <test started-at="2023-12-18T08:08:53 GMT" name="Default test" finished-at="2023-12-18T08:08:56 GMT" duration-ms="2650">
      <class name="runners.CRMRunner">
        <test-method is-config="true" signature="setUpClass(org.testng.ITestContext)[pri:0, instance:runners.CRMRunner@1b1426f4]" started-at="2023-12-18T08:08:53 GMT" name="setUpClass" finished-at="2023-12-18T08:08:54 GMT" duration-ms="900" status="PASS">
          <params>
            <param index="0">
              <value>
                <![CDATA[org.testng.TestRunner@289fdb08]]>
              </value>
            </param>
          </params>
          <reporter-output>
          </reporter-output>
        </test-method> <!-- setUpClass -->
        <test-method signature="runScenario(io.cucumber.testng.PickleWrapper, io.cucumber.testng.FeatureWrapper)[pri:0, instance:runners.CRMRunner@1b1426f4]" started-at="2023-12-18T08:08:54 GMT" name="runScenario" description="Runs Cucumber Scenarios" data-provider="scenarios" finished-at="2023-12-18T08:08:54 GMT" duration-ms="141" status="PASS">
          <params>
            <param index="0">
              <value>
                <![CDATA["Create a new Tasks"]]>
              </value>
            </param>
            <param index="1">
              <value>
                <![CDATA["Tasks CRUD Management"]]>
              </value>
            </param>
          </params>
          <reporter-output>
          </reporter-output>
        </test-method> <!-- runScenario -->
        <test-method signature="runScenario(io.cucumber.testng.PickleWrapper, io.cucumber.testng.FeatureWrapper)[pri:0, instance:runners.CRMRunner@1b1426f4]" started-at="2023-12-18T08:08:54 GMT" name="runScenario" description="Runs Cucumber Scenarios" data-provider="scenarios" finished-at="2023-12-18T08:08:54 GMT" duration-ms="27" status="PASS">
          <params>
            <param index="0">
              <value>
                <![CDATA["View Tasks"]]>
              </value>
            </param>
            <param index="1">
              <value>
                <![CDATA["Tasks CRUD Management"]]>
              </value>
            </param>
          </params>
          <reporter-output>
          </reporter-output>
        </test-method> <!-- runScenario -->
        <test-method is-config="true" signature="tearDownClass()[pri:0, instance:runners.CRMRunner@1b1426f4]" started-at="2023-12-18T08:08:54 GMT" name="tearDownClass" finished-at="2023-12-18T08:08:56 GMT" duration-ms="1535" status="PASS">
          <reporter-output>
          </reporter-output>
        </test-method> <!-- tearDownClass -->
      </class> <!-- runners.CRMRunner -->
    </test> <!-- Default test -->
  </suite> <!-- Default suite -->
</testng-results>
